<?xml version="1.0" encoding="UTF-8"?>
<testng-results ignored="0" total="1" passed="1" failed="0" skipped="0">
  <reporter-output>
  </reporter-output>
  <suite started-at="2023-05-27T17:31:54 IST" name="Default suite" finished-at="2023-05-27T17:32:26 IST" duration-ms="32158">
    <groups>
    </groups>
    <test started-at="2023-05-27T17:31:54 IST" name="Default test" finished-at="2023-05-27T17:32:26 IST" duration-ms="32158">
      <class name="ai.iamneo.assignmentfive.Testing_Selenium_TestngFive.AppTest">
        <test-method is-config="true" signature="setUp()[pri:0, instance:ai.iamneo.assignmentfive.Testing_Selenium_TestngFive.AppTest@55a147cc]" started-at="2023-05-27T17:31:52 IST" name="setUp" finished-at="2023-05-27T17:31:54 IST" duration-ms="2032" status="PASS">
          <reporter-output>
          </reporter-output>
        </test-method> <!-- setUp -->
        <test-method is-config="true" signature="testSignInButton()[pri:0, instance:ai.iamneo.assignmentfive.Testing_Selenium_TestngFive.AppTest@55a147cc]" started-at="2023-05-27T17:31:54 IST" name="testSignInButton" finished-at="2023-05-27T17:32:01 IST" duration-ms="7142" status="PASS">
          <reporter-output>
          </reporter-output>
        </test-method> <!-- testSignInButton -->
        <test-method signature="inputButton()[pri:0, instance:ai.iamneo.assignmentfive.Testing_Selenium_TestngFive.AppTest@55a147cc]" started-at="2023-05-27T17:32:01 IST" name="inputButton" finished-at="2023-05-27T17:32:24 IST" duration-ms="23181" status="PASS">
          <reporter-output>
          </reporter-output>
        </test-method> <!-- inputButton -->
        <test-method is-config="true" signature="verifyAccountCreation()[pri:0, instance:ai.iamneo.assignmentfive.Testing_Selenium_TestngFive.AppTest@55a147cc]" started-at="2023-05-27T17:32:24 IST" name="verifyAccountCreation" finished-at="2023-05-27T17:32:26 IST" duration-ms="1802" status="PASS">
          <reporter-output>
          </reporter-output>
        </test-method> <!-- verifyAccountCreation -->
      </class> <!-- ai.iamneo.assignmentfive.Testing_Selenium_TestngFive.AppTest -->
    </test> <!-- Default test -->
  </suite> <!-- Default suite -->
</testng-results>
